/*C2*/SET SCHEMA PUBLIC
drop table EVENTOS if exists
create table EVENTOS (id bigint generated by default as identity (start with 1), titulo varchar(255), FECHA_EVENTOS timestamp, primary key (id))
INSERT INTO EVENTOS VALUES(1,'Java7 Launch','2011-08-31 17:24:44.739000')
COMMIT
INSERT INTO EVENTOS VALUES(2,'Curso Everis','2011-08-31 17:25:23.360000')
COMMIT
INSERT INTO EVENTOS VALUES(3,'Comida','2011-08-31 17:25:41.846000')
COMMIT
ROLLBACK
DISCONNECT
/*C3*/SET SCHEMA PUBLIC
drop table EVENTOS if exists
create table EVENTOS (id bigint generated by default as identity (start with 1), titulo varchar(255), FECHA_EVENTOS timestamp, primary key (id))
ROLLBACK
DISCONNECT
/*C4*/SET SCHEMA PUBLIC
ROLLBACK
DISCONNECT
/*C5*/SET SCHEMA PUBLIC
INSERT INTO EVENTOS VALUES(1,'Java7 Launch','2011-08-31 17:27:21.981000')
COMMIT
INSERT INTO EVENTOS VALUES(2,'Miercoles de Cafe','2011-08-31 17:27:30.616000')
COMMIT
INSERT INTO EVENTOS VALUES(3,'Campus Party','2011-08-31 17:27:40.921000')
COMMIT
INSERT INTO EVENTOS VALUES(4,'Curso Everis','2011-08-31 17:27:48.406000')
COMMIT
DISCONNECT
/*C6*/SET SCHEMA PUBLIC
ROLLBACK
DISCONNECT
